     :-) GROMACS - gmx mdrun, 2021.3-dev-20210818-11266ae-dirty-unknown (-:

                            GROMACS is written by:
     Andrey Alekseenko              Emile Apol              Rossen Apostolov     
         Paul Bauer           Herman J.C. Berendsen           Par Bjelkmar       
       Christian Blau           Viacheslav Bolnykh             Kevin Boyd        
     Aldert van Buuren           Rudi van Drunen             Anton Feenstra      
    Gilles Gouaillardet             Alan Gray               Gerrit Groenhof      
       Anca Hamuraru            Vincent Hindriksen          M. Eric Irrgang      
      Aleksei Iupinov           Christoph Junghans             Joe Jordan        
    Dimitrios Karkoulis            Peter Kasson                Jiri Kraus        
      Carsten Kutzner              Per Larsson              Justin A. Lemkul     
       Viveca Lindahl            Magnus Lundborg             Erik Marklund       
        Pascal Merz             Pieter Meulenhoff            Teemu Murtola       
        Szilard Pall               Sander Pronk              Roland Schulz       
       Michael Shirts            Alexey Shvetsov             Alfons Sijbers      
       Peter Tieleman              Jon Vincent              Teemu Virolainen     
     Christian Wennberg            Maarten Wolf              Artem Zhmurov       
                           and the project leaders:
        Mark Abraham, Berk Hess, Erik Lindahl, and David van der Spoel

Copyright (c) 1991-2000, University of Groningen, The Netherlands.
Copyright (c) 2001-2019, The GROMACS development team at
Uppsala University, Stockholm University and
the Royal Institute of Technology, Sweden.
check out http://www.gromacs.org for more information.

GROMACS is free software; you can redistribute it and/or modify it
under the terms of the GNU Lesser General Public License
as published by the Free Software Foundation; either version 2.1
of the License, or (at your option) any later version.

GROMACS:      gmx mdrun, version 2021.3-dev-20210818-11266ae-dirty-unknown
Executable:   /usr/local/gromacs/avx2_256/bin/gmx
Data prefix:  /usr/local/gromacs/avx2_256
Working dir:  /scratch/gilbreth/ahads/qmmm_2023/q57k/md
Process ID:   23704
Command line:
  gmx mdrun -v -deffnm md_0_1 -nb gpu

GROMACS version:    2021.3-dev-20210818-11266ae-dirty-unknown
GIT SHA1 hash:      11266ae73ec25f45662defa580b5d59b85f55c95 (dirty)
Branched from:      unknown
Precision:          mixed
Memory model:       64 bit
MPI library:        thread_mpi
OpenMP support:     enabled (GMX_OPENMP_MAX_THREADS = 64)
GPU support:        CUDA
SIMD instructions:  AVX2_256
FFT library:        fftw-3.3.9-sse2-avx-avx2-avx2_128-avx512
RDTSCP usage:       enabled
TNG support:        enabled
Hwloc support:      disabled
Tracing support:    disabled
C compiler:         /usr/bin/gcc GNU 10.3.0
C compiler flags:   -mavx2 -mfma -Wall -Wno-unused -Wunused-value -Wunused-parameter -Wextra -Wno-sign-compare -Wpointer-arith -Wundef -Werror=stringop-truncation -Wno-missing-field-initializers -fexcess-precision=fast -funroll-all-loops -Wno-array-bounds -pthread -march=haswell -mtune=generic -O3 -pipe -DNDEBUG
C++ compiler:       /usr/bin/g++ GNU 10.3.0
C++ compiler flags: -mavx2 -mfma -Wall -Wextra -Wpointer-arith -Wmissing-declarations -Wundef -Wstringop-truncation -Wno-missing-field-initializers -fexcess-precision=fast -funroll-all-loops -Wno-array-bounds -pthread -fopenmp -march=haswell -mtune=generic -O3 -pipe -DNDEBUG
CUDA compiler:      /usr/local/cuda/bin/nvcc nvcc: NVIDIA (R) Cuda compiler driver;Copyright (c) 2005-2021 NVIDIA Corporation;Built on Sun_Aug_15_21:14:11_PDT_2021;Cuda compilation tools, release 11.4, V11.4.120;Build cuda_11.4.r11.4/compiler.30300941_0
CUDA compiler flags:-std=c++17;-gencode;arch=compute_60,code=sm_60;-gencode;arch=compute_70,code=sm_70;-gencode;arch=compute_75,code=sm_75;-gencode;arch=compute_80,code=sm_80;-gencode;arch=compute_86,code=sm_86;-use_fast_math;-D_FORCE_INLINES;-mavx2 -mfma -Wall -Wextra -Wpointer-arith -Wmissing-declarations -Wundef -Wstringop-truncation -Wno-missing-field-initializers -fexcess-precision=fast -funroll-all-loops -Wno-array-bounds -pthread -fopenmp -march=haswell -mtune=generic -O3 -pipe -DNDEBUG
CUDA driver:        12.10
CUDA runtime:       11.40


Running on 1 node with total 32 cores, 32 logical cores, 1 compatible GPU
Hardware detected:
  CPU info:
    Vendor: AMD
    Brand:  AMD EPYC 7313 16-Core Processor                
    Family: 25   Model: 1   Stepping: 1
    Features: aes amd apic avx avx2 clfsh cmov cx8 cx16 f16c fma htt lahf misalignsse mmx msr nonstop_tsc pcid pclmuldq pdpe1gb popcnt pse rdrnd rdtscp sha sse2 sse3 sse4a sse4.1 sse4.2 ssse3 x2apic
  Hardware topology: Only logical processor count
  GPU info:
    Number of GPUs detected: 1
    #0: NVIDIA NVIDIA A10, compute cap.: 8.6, ECC: yes, stat: compatible


++++ PLEASE READ AND CITE THE FOLLOWING REFERENCE ++++
M. J. Abraham, T. Murtola, R. Schulz, S. Páll, J. C. Smith, B. Hess, E.
Lindahl
GROMACS: High performance molecular simulations through multi-level
parallelism from laptops to supercomputers
SoftwareX 1 (2015) pp. 19-25
-------- -------- --- Thank You --- -------- --------


++++ PLEASE READ AND CITE THE FOLLOWING REFERENCE ++++
S. Páll, M. J. Abraham, C. Kutzner, B. Hess, E. Lindahl
Tackling Exascale Software Challenges in Molecular Dynamics Simulations with
GROMACS
In S. Markidis & E. Laure (Eds.), Solving Software Challenges for Exascale 8759 (2015) pp. 3-27
-------- -------- --- Thank You --- -------- --------


++++ PLEASE READ AND CITE THE FOLLOWING REFERENCE ++++
S. Pronk, S. Páll, R. Schulz, P. Larsson, P. Bjelkmar, R. Apostolov, M. R.
Shirts, J. C. Smith, P. M. Kasson, D. van der Spoel, B. Hess, and E. Lindahl
GROMACS 4.5: a high-throughput and highly parallel open source molecular
simulation toolkit
Bioinformatics 29 (2013) pp. 845-54
-------- -------- --- Thank You --- -------- --------


++++ PLEASE READ AND CITE THE FOLLOWING REFERENCE ++++
B. Hess and C. Kutzner and D. van der Spoel and E. Lindahl
GROMACS 4: Algorithms for highly efficient, load-balanced, and scalable
molecular simulation
J. Chem. Theory Comput. 4 (2008) pp. 435-447
-------- -------- --- Thank You --- -------- --------


++++ PLEASE READ AND CITE THE FOLLOWING REFERENCE ++++
D. van der Spoel, E. Lindahl, B. Hess, G. Groenhof, A. E. Mark and H. J. C.
Berendsen
GROMACS: Fast, Flexible and Free
J. Comp. Chem. 26 (2005) pp. 1701-1719
-------- -------- --- Thank You --- -------- --------


++++ PLEASE READ AND CITE THE FOLLOWING REFERENCE ++++
E. Lindahl and B. Hess and D. van der Spoel
GROMACS 3.0: A package for molecular simulation and trajectory analysis
J. Mol. Mod. 7 (2001) pp. 306-317
-------- -------- --- Thank You --- -------- --------


++++ PLEASE READ AND CITE THE FOLLOWING REFERENCE ++++
H. J. C. Berendsen, D. van der Spoel and R. van Drunen
GROMACS: A message-passing parallel molecular dynamics implementation
Comp. Phys. Comm. 91 (1995) pp. 43-56
-------- -------- --- Thank You --- -------- --------


++++ PLEASE CITE THE DOI FOR THIS VERSION OF GROMACS ++++
https://doi.org/10.5281/zenodo.5053201
-------- -------- --- Thank You --- -------- --------


The number of OpenMP threads was set by environment variable OMP_NUM_THREADS to 4

Input Parameters:
   integrator                     = md
   tinit                          = 0
   dt                             = 0.002
   nsteps                         = 500000
   init-step                      = 0
   simulation-part                = 1
   mts                            = false
   comm-mode                      = Linear
   nstcomm                        = 100
   bd-fric                        = 0
   ld-seed                        = -21249
   emtol                          = 10
   emstep                         = 0.01
   niter                          = 20
   fcstep                         = 0
   nstcgsteep                     = 1000
   nbfgscorr                      = 10
   rtpi                           = 0.05
   nstxout                        = 0
   nstvout                        = 0
   nstfout                        = 0
   nstlog                         = 5000
   nstcalcenergy                  = 100
   nstenergy                      = 5000
   nstxout-compressed             = 5000
   compressed-x-precision         = 1000
   cutoff-scheme                  = Verlet
   nstlist                        = 20
   pbc                            = xyz
   periodic-molecules             = false
   verlet-buffer-tolerance        = 0.005
   rlist                          = 1.223
   coulombtype                    = PME
   coulomb-modifier               = Potential-shift
   rcoulomb-switch                = 0
   rcoulomb                       = 1.2
   epsilon-r                      = 1
   epsilon-rf                     = inf
   vdw-type                       = Cut-off
   vdw-modifier                   = Force-switch
   rvdw-switch                    = 1
   rvdw                           = 1.2
   DispCorr                       = No
   table-extension                = 1
   fourierspacing                 = 0.16
   fourier-nx                     = 72
   fourier-ny                     = 72
   fourier-nz                     = 72
   pme-order                      = 4
   ewald-rtol                     = 1e-05
   ewald-rtol-lj                  = 0.001
   lj-pme-comb-rule               = Geometric
   ewald-geometry                 = 0
   epsilon-surface                = 0
   tcoupl                         = V-rescale
   nsttcouple                     = 10
   nh-chain-length                = 0
   print-nose-hoover-chain-variables = false
   pcoupl                         = Parrinello-Rahman
   pcoupltype                     = Isotropic
   nstpcouple                     = 10
   tau-p                          = 2
   compressibility (3x3):
      compressibility[    0]={ 4.50000e-05,  0.00000e+00,  0.00000e+00}
      compressibility[    1]={ 0.00000e+00,  4.50000e-05,  0.00000e+00}
      compressibility[    2]={ 0.00000e+00,  0.00000e+00,  4.50000e-05}
   ref-p (3x3):
      ref-p[    0]={ 1.00000e+00,  0.00000e+00,  0.00000e+00}
      ref-p[    1]={ 0.00000e+00,  1.00000e+00,  0.00000e+00}
      ref-p[    2]={ 0.00000e+00,  0.00000e+00,  1.00000e+00}
   refcoord-scaling               = No
   posres-com (3):
      posres-com[0]= 0.00000e+00
      posres-com[1]= 0.00000e+00
      posres-com[2]= 0.00000e+00
   posres-comB (3):
      posres-comB[0]= 0.00000e+00
      posres-comB[1]= 0.00000e+00
      posres-comB[2]= 0.00000e+00
   QMMM                           = false
qm-opts:
   ngQM                           = 0
   constraint-algorithm           = Lincs
   continuation                   = true
   Shake-SOR                      = false
   shake-tol                      = 0.0001
   lincs-order                    = 4
   lincs-iter                     = 1
   lincs-warnangle                = 30
   nwall                          = 0
   wall-type                      = 9-3
   wall-r-linpot                  = -1
   wall-atomtype[0]               = -1
   wall-atomtype[1]               = -1
   wall-density[0]                = 0
   wall-density[1]                = 0
   wall-ewald-zfac                = 3
   pull                           = false
   awh                            = false
   rotation                       = false
   interactiveMD                  = false
   disre                          = No
   disre-weighting                = Conservative
   disre-mixed                    = false
   dr-fc                          = 1000
   dr-tau                         = 0
   nstdisreout                    = 100
   orire-fc                       = 0
   orire-tau                      = 0
   nstorireout                    = 100
   free-energy                    = no
   cos-acceleration               = 0
   deform (3x3):
      deform[    0]={ 0.00000e+00,  0.00000e+00,  0.00000e+00}
      deform[    1]={ 0.00000e+00,  0.00000e+00,  0.00000e+00}
      deform[    2]={ 0.00000e+00,  0.00000e+00,  0.00000e+00}
   simulated-tempering            = false
   swapcoords                     = no
   userint1                       = 0
   userint2                       = 0
   userint3                       = 0
   userint4                       = 0
   userreal1                      = 0
   userreal2                      = 0
   userreal3                      = 0
   userreal4                      = 0
   applied-forces:
     electric-field:
       x:
         E0                       = 0
         omega                    = 0
         t0                       = 0
         sigma                    = 0
       y:
         E0                       = 0
         omega                    = 0
         t0                       = 0
         sigma                    = 0
       z:
         E0                       = 0
         omega                    = 0
         t0                       = 0
         sigma                    = 0
     density-guided-simulation:
       active                     = false
       group                      = protein
       similarity-measure         = inner-product
       atom-spreading-weight      = unity
       force-constant             = 1e+09
       gaussian-transform-spreading-width = 0.2
       gaussian-transform-spreading-range-in-multiples-of-width = 4
       reference-density-filename = reference.mrc
       nst                        = 1
       normalize-densities        = true
       adaptive-force-scaling     = false
       adaptive-force-scaling-time-constant = 4
       shift-vector               = 
       transformation-matrix      = 
grpopts:
   nrdf:     27816.7      277644
   ref-t:         300         300
   tau-t:         0.1         0.1
annealing:          No          No
annealing-npoints:           0           0
   acc:	           0           0           0
   nfreeze:           N           N           N
   energygrp-flags[  0]: 0

Changing nstlist from 20 to 100, rlist from 1.223 to 1.35

1 GPU selected for this run.
Mapping of GPU IDs to the 2 GPU tasks in the 1 rank on this node:
  PP:0,PME:0
PP tasks will do (non-perturbed) short-ranged interactions on the GPU
PP task will update and constrain coordinates on the CPU
PME tasks will do all aspects on the GPU
Using 1 MPI thread

Non-default thread affinity set, disabling internal thread affinity

Using 4 OpenMP threads 

System total charge: -0.000
Will do PME sum in reciprocal space for electrostatic interactions.

++++ PLEASE READ AND CITE THE FOLLOWING REFERENCE ++++
U. Essmann, L. Perera, M. L. Berkowitz, T. Darden, H. Lee and L. G. Pedersen 
A smooth particle mesh Ewald method
J. Chem. Phys. 103 (1995) pp. 8577-8592
-------- -------- --- Thank You --- -------- --------

Using a Gaussian width (1/beta) of 0.384195 nm for Ewald
Potential shift: LJ r^-12: -2.648e-01 r^-6: -5.349e-01, Ewald -8.333e-06
Initialized non-bonded Ewald tables, spacing: 1.02e-03 size: 1176

Generated table with 1175 data points for 1-4 COUL.
Tabscale = 500 points/nm
Generated table with 1175 data points for 1-4 LJ6.
Tabscale = 500 points/nm
Generated table with 1175 data points for 1-4 LJ12.
Tabscale = 500 points/nm


Using GPU 8x8 nonbonded short-range kernels

Using a dual 8x8 pair-list setup updated with dynamic, rolling pruning:
  outer list: updated every 100 steps, buffer 0.150 nm, rlist 1.350 nm
  inner list: updated every  12 steps, buffer 0.004 nm, rlist 1.204 nm
At tolerance 0.005 kJ/mol/ps per atom, equivalent classical 1x1 list would be:
  outer list: updated every 100 steps, buffer 0.306 nm, rlist 1.506 nm
  inner list: updated every  12 steps, buffer 0.053 nm, rlist 1.253 nm

Initializing LINear Constraint Solver

++++ PLEASE READ AND CITE THE FOLLOWING REFERENCE ++++
B. Hess and H. Bekker and H. J. C. Berendsen and J. G. E. M. Fraaije
LINCS: A Linear Constraint Solver for molecular simulations
J. Comp. Chem. 18 (1997) pp. 1463-1472
-------- -------- --- Thank You --- -------- --------

The number of constraints is 5480

++++ PLEASE READ AND CITE THE FOLLOWING REFERENCE ++++
S. Miyamoto and P. A. Kollman
SETTLE: An Analytical Version of the SHAKE and RATTLE Algorithms for Rigid
Water Models
J. Comp. Chem. 13 (1992) pp. 952-962
-------- -------- --- Thank You --- -------- --------


++++ PLEASE READ AND CITE THE FOLLOWING REFERENCE ++++
G. Bussi, D. Donadio and M. Parrinello
Canonical sampling through velocity rescaling
J. Chem. Phys. 126 (2007) pp. 014101
-------- -------- --- Thank You --- -------- --------

There are: 149908 Atoms
Center of mass motion removal mode is Linear
We have the following groups for center of mass motion removal:
  0:  rest

Started mdrun on rank 0 Thu Feb  8 23:28:51 2024

           Step           Time
              0        0.00000

   Energies (kJ/mol)
           Bond          Angle    Proper Dih. Ryckaert-Bell.  Improper Dih.
    8.10401e+03    2.29229e+04    1.22986e+03    9.80024e+03    7.31055e+02
          LJ-14     Coulomb-14        LJ (SR)   Coulomb (SR)   Coul. recip.
    1.44293e+04    7.40788e+04    3.92103e+05   -2.82131e+06    7.08002e+03
      Potential    Kinetic En.   Total Energy  Conserved En.    Temperature
   -2.29083e+06    3.82206e+05   -1.90863e+06   -1.90854e+06    3.00980e+02
 Pressure (bar)   Constr. rmsd
    1.20902e+02    3.39188e-06

step  900: timed with pme grid 72 72 72, coulomb cutoff 1.200: 1734.8 M-cycles
step 1100: timed with pme grid 60 60 60, coulomb cutoff 1.427: 1318.8 M-cycles
step 1300: timed with pme grid 52 52 52, coulomb cutoff 1.647: 1992.3 M-cycles
step 1500: timed with pme grid 56 56 56, coulomb cutoff 1.529: 2012.5 M-cycles
step 1700: timed with pme grid 60 60 60, coulomb cutoff 1.427: 2153.9 M-cycles
step 1900: timed with pme grid 64 64 64, coulomb cutoff 1.338: 1955.8 M-cycles
              optimal pme grid 60 60 60, coulomb cutoff 1.427
           Step           Time
           5000       10.00000

   Energies (kJ/mol)
           Bond          Angle    Proper Dih. Ryckaert-Bell.  Improper Dih.
    8.39638e+03    2.30832e+04    1.26132e+03    9.55000e+03    7.26594e+02
          LJ-14     Coulomb-14        LJ (SR)   Coulomb (SR)   Coul. recip.
    1.41748e+04    7.40398e+04    3.93348e+05   -2.81754e+06    4.27852e+03
      Potential    Kinetic En.   Total Energy  Conserved En.    Temperature
   -2.28868e+06    3.80231e+05   -1.90845e+06   -1.90988e+06    2.99425e+02
 Pressure (bar)   Constr. rmsd
    4.75703e+01    3.59662e-06

           Step           Time
          10000       20.00000

   Energies (kJ/mol)
           Bond          Angle    Proper Dih. Ryckaert-Bell.  Improper Dih.
    8.69991e+03    2.25862e+04    1.35233e+03    9.58187e+03    6.95123e+02
          LJ-14     Coulomb-14        LJ (SR)   Coulomb (SR)   Coul. recip.
    1.41002e+04    7.39942e+04    3.92079e+05   -2.81608e+06    4.16383e+03
      Potential    Kinetic En.   Total Energy  Conserved En.    Temperature
   -2.28882e+06    3.81238e+05   -1.90758e+06   -1.90977e+06    3.00218e+02
 Pressure (bar)   Constr. rmsd
   -1.58113e+01    3.49105e-06

           Step           Time
          15000       30.00000

   Energies (kJ/mol)
           Bond          Angle    Proper Dih. Ryckaert-Bell.  Improper Dih.
    8.34873e+03    2.27696e+04    1.27591e+03    9.44605e+03    6.95842e+02
          LJ-14     Coulomb-14        LJ (SR)   Coulomb (SR)   Coul. recip.
    1.40220e+04    7.42064e+04    3.91162e+05   -2.81737e+06    4.13391e+03
      Potential    Kinetic En.   Total Energy  Conserved En.    Temperature
   -2.29131e+06    3.82146e+05   -1.90917e+06   -1.90978e+06    3.00932e+02
 Pressure (bar)   Constr. rmsd
   -1.90085e+02    3.39872e-06

           Step           Time
          20000       40.00000

   Energies (kJ/mol)
           Bond          Angle    Proper Dih. Ryckaert-Bell.  Improper Dih.
    8.41289e+03    2.28385e+04    1.20686e+03    9.35979e+03    7.13998e+02
          LJ-14     Coulomb-14        LJ (SR)   Coulomb (SR)   Coul. recip.
    1.38756e+04    7.39544e+04    3.93271e+05   -2.81923e+06    4.06055e+03
      Potential    Kinetic En.   Total Energy  Conserved En.    Temperature
   -2.29154e+06    3.79739e+05   -1.91180e+06   -1.90969e+06    2.99038e+02
 Pressure (bar)   Constr. rmsd
   -4.10952e+01    3.45591e-06

           Step           Time
          25000       50.00000

   Energies (kJ/mol)
           Bond          Angle    Proper Dih. Ryckaert-Bell.  Improper Dih.
    8.42872e+03    2.30755e+04    1.16526e+03    9.19001e+03    6.99517e+02
          LJ-14     Coulomb-14        LJ (SR)   Coulomb (SR)   Coul. recip.
    1.40809e+04    7.41482e+04    3.95803e+05   -2.82121e+06    4.08695e+03
      Potential    Kinetic En.   Total Energy  Conserved En.    Temperature
   -2.29053e+06    3.79462e+05   -1.91107e+06   -1.90961e+06    2.98819e+02
 Pressure (bar)   Constr. rmsd
    2.68402e-01    3.32751e-06

           Step           Time
          30000       60.00000

   Energies (kJ/mol)
           Bond          Angle    Proper Dih. Ryckaert-Bell.  Improper Dih.
    8.26359e+03    2.27271e+04    1.22155e+03    9.66701e+03    7.53403e+02
          LJ-14     Coulomb-14        LJ (SR)   Coulomb (SR)   Coul. recip.
    1.41239e+04    7.44639e+04    3.94100e+05   -2.82190e+06    4.04257e+03
      Potential    Kinetic En.   Total Energy  Conserved En.    Temperature
   -2.29254e+06    3.80109e+05   -1.91243e+06   -1.90958e+06    2.99328e+02
 Pressure (bar)   Constr. rmsd
   -2.68100e+01    3.41010e-06

           Step           Time
          35000       70.00000

   Energies (kJ/mol)
           Bond          Angle    Proper Dih. Ryckaert-Bell.  Improper Dih.
    8.13800e+03    2.26116e+04    1.14864e+03    9.54244e+03    7.35391e+02
          LJ-14     Coulomb-14        LJ (SR)   Coulomb (SR)   Coul. recip.
    1.41897e+04    7.42149e+04    3.94567e+05   -2.82245e+06    4.11868e+03
      Potential    Kinetic En.   Total Energy  Conserved En.    Temperature
   -2.29318e+06    3.80618e+05   -1.91256e+06   -1.90952e+06    2.99729e+02
 Pressure (bar)   Constr. rmsd
    2.87194e+01    3.42971e-06

           Step           Time
          40000       80.00000

   Energies (kJ/mol)
           Bond          Angle    Proper Dih. Ryckaert-Bell.  Improper Dih.
    8.07168e+03    2.26978e+04    1.23137e+03    9.40050e+03    7.35935e+02
          LJ-14     Coulomb-14        LJ (SR)   Coulomb (SR)   Coul. recip.
    1.43064e+04    7.44324e+04    3.95277e+05   -2.82272e+06    3.98993e+03
      Potential    Kinetic En.   Total Energy  Conserved En.    Temperature
   -2.29258e+06    3.81115e+05   -1.91146e+06   -1.90947e+06    3.00121e+02
 Pressure (bar)   Constr. rmsd
    8.69557e+01    3.28223e-06

           Step           Time
          45000       90.00000

   Energies (kJ/mol)
           Bond          Angle    Proper Dih. Ryckaert-Bell.  Improper Dih.
    8.15131e+03    2.27180e+04    1.25586e+03    9.54981e+03    7.59776e+02
          LJ-14     Coulomb-14        LJ (SR)   Coulomb (SR)   Coul. recip.
    1.42497e+04    7.46176e+04    3.94954e+05   -2.82412e+06    4.06316e+03
      Potential    Kinetic En.   Total Energy  Conserved En.    Temperature
   -2.29380e+06    3.82204e+05   -1.91159e+06   -1.90946e+06    3.00979e+02
 Pressure (bar)   Constr. rmsd
    2.27404e+01    3.42511e-06

           Step           Time
          50000      100.00000

   Energies (kJ/mol)
           Bond          Angle    Proper Dih. Ryckaert-Bell.  Improper Dih.
    8.33322e+03    2.33952e+04    1.26088e+03    9.41352e+03    6.91332e+02
          LJ-14     Coulomb-14        LJ (SR)   Coulomb (SR)   Coul. recip.
    1.41628e+04    7.44534e+04    3.93385e+05   -2.81862e+06    4.05490e+03
      Potential    Kinetic En.   Total Energy  Conserved En.    Temperature
   -2.28947e+06    3.82888e+05   -1.90658e+06   -1.90936e+06    3.01517e+02
 Pressure (bar)   Constr. rmsd
    1.13879e+01    3.47106e-06

           Step           Time
          55000      110.00000

   Energies (kJ/mol)
           Bond          Angle    Proper Dih. Ryckaert-Bell.  Improper Dih.
    8.33373e+03    2.26992e+04    1.28395e+03    9.63230e+03    7.06737e+02
          LJ-14     Coulomb-14        LJ (SR)   Coulomb (SR)   Coul. recip.
    1.40208e+04    7.42983e+04    3.93661e+05   -2.81819e+06    4.06652e+03
      Potential    Kinetic En.   Total Energy  Conserved En.    Temperature
   -2.28949e+06    3.80953e+05   -1.90854e+06   -1.90932e+06    2.99993e+02
 Pressure (bar)   Constr. rmsd
    1.08437e+01    3.48356e-06

           Step           Time
          60000      120.00000

   Energies (kJ/mol)
           Bond          Angle    Proper Dih. Ryckaert-Bell.  Improper Dih.
    8.22525e+03    2.27721e+04    1.23680e+03    9.65809e+03    7.30613e+02
          LJ-14     Coulomb-14        LJ (SR)   Coulomb (SR)   Coul. recip.
    1.41124e+04    7.45483e+04    3.96581e+05   -2.82454e+06    3.97246e+03
      Potential    Kinetic En.   Total Energy  Conserved En.    Temperature
   -2.29270e+06    3.81102e+05   -1.91160e+06   -1.90927e+06    3.00110e+02
 Pressure (bar)   Constr. rmsd
    3.51481e+01    3.36878e-06

           Step           Time
          65000      130.00000

   Energies (kJ/mol)
           Bond          Angle    Proper Dih. Ryckaert-Bell.  Improper Dih.
    8.42058e+03    2.30108e+04    1.21021e+03    9.33953e+03    7.23678e+02
          LJ-14     Coulomb-14        LJ (SR)   Coulomb (SR)   Coul. recip.
    1.41904e+04    7.44171e+04    3.95888e+05   -2.82608e+06    3.99618e+03
      Potential    Kinetic En.   Total Energy  Conserved En.    Temperature
   -2.29488e+06    3.80564e+05   -1.91432e+06   -1.90916e+06    2.99686e+02
 Pressure (bar)   Constr. rmsd
    4.97266e+01    3.48370e-06

           Step           Time
          70000      140.00000

   Energies (kJ/mol)
           Bond          Angle    Proper Dih. Ryckaert-Bell.  Improper Dih.
    8.13976e+03    2.26242e+04    1.24579e+03    9.58507e+03    7.03781e+02
          LJ-14     Coulomb-14        LJ (SR)   Coulomb (SR)   Coul. recip.
    1.41911e+04    7.44101e+04    3.92362e+05   -2.82215e+06    4.05220e+03
      Potential    Kinetic En.   Total Energy  Conserved En.    Temperature
   -2.29484e+06    3.80293e+05   -1.91455e+06   -1.90915e+06    2.99474e+02
 Pressure (bar)   Constr. rmsd
   -1.14472e+02    3.34096e-06

           Step           Time
          75000      150.00000

   Energies (kJ/mol)
           Bond          Angle    Proper Dih. Ryckaert-Bell.  Improper Dih.
    8.55414e+03    2.28600e+04    1.22197e+03    9.29435e+03    7.29384e+02
          LJ-14     Coulomb-14        LJ (SR)   Coulomb (SR)   Coul. recip.
    1.38942e+04    7.42624e+04    3.97813e+05   -2.82437e+06    4.00637e+03
      Potential    Kinetic En.   Total Energy  Conserved En.    Temperature
   -2.29173e+06    3.80105e+05   -1.91163e+06   -1.90905e+06    2.99326e+02
 Pressure (bar)   Constr. rmsd
    2.62788e+01    3.50230e-06

           Step           Time
          80000      160.00000

   Energies (kJ/mol)
           Bond          Angle    Proper Dih. Ryckaert-Bell.  Improper Dih.
    8.16415e+03    2.28580e+04    1.18671e+03    9.45026e+03    7.11640e+02
          LJ-14     Coulomb-14        LJ (SR)   Coulomb (SR)   Coul. recip.
    1.42585e+04    7.45138e+04    3.94729e+05   -2.82518e+06    4.04229e+03
      Potential    Kinetic En.   Total Energy  Conserved En.    Temperature
   -2.29527e+06    3.80874e+05   -1.91440e+06   -1.90899e+06    2.99931e+02
 Pressure (bar)   Constr. rmsd
    7.84212e+01    3.34331e-06

           Step           Time
          85000      170.00000

   Energies (kJ/mol)
           Bond          Angle    Proper Dih. Ryckaert-Bell.  Improper Dih.
    8.29634e+03    2.25891e+04    1.20796e+03    9.29326e+03    7.51481e+02
          LJ-14     Coulomb-14        LJ (SR)   Coulomb (SR)   Coul. recip.
    1.42177e+04    7.44937e+04    3.91147e+05   -2.81691e+06    4.06928e+03
      Potential    Kinetic En.   Total Energy  Conserved En.    Temperature
   -2.29085e+06    3.82011e+05   -1.90884e+06   -1.90902e+06    3.00826e+02
 Pressure (bar)   Constr. rmsd
   -1.01149e+02    3.42705e-06

           Step           Time
          90000      180.00000

   Energies (kJ/mol)
           Bond          Angle    Proper Dih. Ryckaert-Bell.  Improper Dih.
    8.49047e+03    2.24941e+04    1.20278e+03    9.09564e+03    7.43863e+02
          LJ-14     Coulomb-14        LJ (SR)   Coulomb (SR)   Coul. recip.
    1.41671e+04    7.44322e+04    3.95034e+05   -2.82419e+06    4.03091e+03
      Potential    Kinetic En.   Total Energy  Conserved En.    Temperature
   -2.29450e+06    3.82664e+05   -1.91183e+06   -1.90894e+06    3.01341e+02
 Pressure (bar)   Constr. rmsd
    1.86734e+01    3.48709e-06

           Step           Time
          95000      190.00000

   Energies (kJ/mol)
           Bond          Angle    Proper Dih. Ryckaert-Bell.  Improper Dih.
    8.31939e+03    2.28456e+04    1.24752e+03    9.26702e+03    7.13993e+02
          LJ-14     Coulomb-14        LJ (SR)   Coulomb (SR)   Coul. recip.
    1.41402e+04    7.44339e+04    3.98247e+05   -2.82820e+06    4.10376e+03
      Potential    Kinetic En.   Total Energy  Conserved En.    Temperature
   -2.29489e+06    3.81284e+05   -1.91360e+06   -1.90889e+06    3.00254e+02
 Pressure (bar)   Constr. rmsd
    8.66338e+01    3.50063e-06

           Step           Time
         100000      200.00000

   Energies (kJ/mol)
           Bond          Angle    Proper Dih. Ryckaert-Bell.  Improper Dih.
    8.33421e+03    2.30533e+04    1.27608e+03    9.45502e+03    7.00587e+02
          LJ-14     Coulomb-14        LJ (SR)   Coulomb (SR)   Coul. recip.
    1.39420e+04    7.42525e+04    3.91131e+05   -2.81913e+06    4.00002e+03
      Potential    Kinetic En.   Total Energy  Conserved En.    Temperature
   -2.29298e+06    3.82988e+05   -1.90999e+06   -1.90885e+06    3.01596e+02
 Pressure (bar)   Constr. rmsd
   -1.93990e+02    3.49603e-06

           Step           Time
         105000      210.00000

   Energies (kJ/mol)
           Bond          Angle    Proper Dih. Ryckaert-Bell.  Improper Dih.
    8.37854e+03    2.28330e+04    1.18495e+03    9.38474e+03    7.53907e+02
          LJ-14     Coulomb-14        LJ (SR)   Coulomb (SR)   Coul. recip.
    1.42022e+04    7.45501e+04    3.93664e+05   -2.82226e+06    4.04004e+03
      Potential    Kinetic En.   Total Energy  Conserved En.    Temperature
   -2.29327e+06    3.81523e+05   -1.91174e+06   -1.90876e+06    3.00442e+02
 Pressure (bar)   Constr. rmsd
   -4.80743e+01    3.33278e-06

           Step           Time
         110000      220.00000

   Energies (kJ/mol)
           Bond          Angle    Proper Dih. Ryckaert-Bell.  Improper Dih.
    8.30621e+03    2.29462e+04    1.21718e+03    9.33982e+03    7.30244e+02
          LJ-14     Coulomb-14        LJ (SR)   Coulomb (SR)   Coul. recip.
    1.41808e+04    7.45834e+04    3.93334e+05   -2.82140e+06    4.12745e+03
      Potential    Kinetic En.   Total Energy  Conserved En.    Temperature
   -2.29264e+06    3.81403e+05   -1.91124e+06   -1.90869e+06    3.00348e+02
 Pressure (bar)   Constr. rmsd
    2.00326e+01    3.41771e-06

           Step           Time
         115000      230.00000

   Energies (kJ/mol)
           Bond          Angle    Proper Dih. Ryckaert-Bell.  Improper Dih.
    8.47665e+03    2.31968e+04    1.18160e+03    9.30527e+03    7.02170e+02
          LJ-14     Coulomb-14        LJ (SR)   Coulomb (SR)   Coul. recip.
    1.41600e+04    7.44653e+04    3.94911e+05   -2.82120e+06    3.96614e+03
      Potential    Kinetic En.   Total Energy  Conserved En.    Temperature
   -2.29084e+06    3.81086e+05   -1.90975e+06   -1.90858e+06    3.00098e+02
 Pressure (bar)   Constr. rmsd
    2.04974e+01    3.35138e-06

           Step           Time
         120000      240.00000

   Energies (kJ/mol)
           Bond          Angle    Proper Dih. Ryckaert-Bell.  Improper Dih.
    8.30195e+03    2.23921e+04    1.14267e+03    9.58728e+03    7.32903e+02
          LJ-14     Coulomb-14        LJ (SR)   Coulomb (SR)   Coul. recip.
    1.40993e+04    7.44877e+04    3.96690e+05   -2.82611e+06    3.97261e+03
      Potential    Kinetic En.   Total Energy  Conserved En.    Temperature
   -2.29470e+06    3.81617e+05   -1.91309e+06   -1.90856e+06    3.00516e+02
 Pressure (bar)   Constr. rmsd
    1.13142e+01    3.43903e-06

           Step           Time
         125000      250.00000

   Energies (kJ/mol)
           Bond          Angle    Proper Dih. Ryckaert-Bell.  Improper Dih.
    8.47241e+03    2.31481e+04    1.30645e+03    9.40740e+03    6.96812e+02
          LJ-14     Coulomb-14        LJ (SR)   Coulomb (SR)   Coul. recip.
    1.42875e+04    7.46426e+04    3.97387e+05   -2.82492e+06    4.10059e+03
      Potential    Kinetic En.   Total Energy  Conserved En.    Temperature
   -2.29147e+06    3.81546e+05   -1.90992e+06   -1.90845e+06    3.00460e+02
 Pressure (bar)   Constr. rmsd
    1.25348e+02    3.39220e-06

           Step           Time
         130000      260.00000

   Energies (kJ/mol)
           Bond          Angle    Proper Dih. Ryckaert-Bell.  Improper Dih.
    8.22791e+03    2.30948e+04    1.25585e+03    9.32297e+03    7.29521e+02
          LJ-14     Coulomb-14        LJ (SR)   Coulomb (SR)   Coul. recip.
    1.40769e+04    7.45077e+04    3.97107e+05   -2.82455e+06    4.02304e+03
      Potential    Kinetic En.   Total Energy  Conserved En.    Temperature
   -2.29220e+06    3.80957e+05   -1.91125e+06   -1.90842e+06    2.99996e+02
 Pressure (bar)   Constr. rmsd
    1.18117e+02    3.37927e-06

           Step           Time
         135000      270.00000

   Energies (kJ/mol)
           Bond          Angle    Proper Dih. Ryckaert-Bell.  Improper Dih.
    8.34755e+03    2.29219e+04    1.23447e+03    9.27079e+03    6.95383e+02
          LJ-14     Coulomb-14        LJ (SR)   Coulomb (SR)   Coul. recip.
    1.41579e+04    7.46917e+04    3.95896e+05   -2.82455e+06    3.94068e+03
      Potential    Kinetic En.   Total Energy  Conserved En.    Temperature
   -2.29340e+06    3.80514e+05   -1.91288e+06   -1.90836e+06    2.99647e+02
 Pressure (bar)   Constr. rmsd
    1.11217e+02    3.40434e-06

           Step           Time
         140000      280.00000

   Energies (kJ/mol)
           Bond          Angle    Proper Dih. Ryckaert-Bell.  Improper Dih.
    8.30589e+03    2.27399e+04    1.19481e+03    9.32002e+03    6.97211e+02
          LJ-14     Coulomb-14        LJ (SR)   Coulomb (SR)   Coul. recip.
    1.41727e+04    7.47642e+04    3.93336e+05   -2.82214e+06    3.99035e+03
      Potential    Kinetic En.   Total Energy  Conserved En.    Temperature
   -2.29362e+06    3.79894e+05   -1.91373e+06   -1.90832e+06    2.99159e+02
 Pressure (bar)   Constr. rmsd
    1.70958e+01    3.55649e-06

           Step           Time
         145000      290.00000

   Energies (kJ/mol)
           Bond          Angle    Proper Dih. Ryckaert-Bell.  Improper Dih.
    8.05925e+03    2.30550e+04    1.25143e+03    9.39725e+03    7.14568e+02
          LJ-14     Coulomb-14        LJ (SR)   Coulomb (SR)   Coul. recip.
    1.42964e+04    7.46569e+04    3.90682e+05   -2.82004e+06    4.00619e+03
      Potential    Kinetic En.   Total Energy  Conserved En.    Temperature
   -2.29392e+06    3.81628e+05   -1.91230e+06   -1.90830e+06    3.00525e+02
 Pressure (bar)   Constr. rmsd
   -1.66064e+02    3.35288e-06

           Step           Time
         150000      300.00000

   Energies (kJ/mol)
           Bond          Angle    Proper Dih. Ryckaert-Bell.  Improper Dih.
    8.63109e+03    2.29462e+04    1.26609e+03    9.73039e+03    7.20048e+02
          LJ-14     Coulomb-14        LJ (SR)   Coulomb (SR)   Coul. recip.
    1.40729e+04    7.42601e+04    3.93013e+05   -2.81985e+06    3.84940e+03
      Potential    Kinetic En.   Total Energy  Conserved En.    Temperature
   -2.29136e+06    3.82615e+05   -1.90874e+06   -1.90824e+06    3.01302e+02
 Pressure (bar)   Constr. rmsd
   -1.18865e+02    3.42819e-06

           Step           Time
         155000      310.00000

   Energies (kJ/mol)
           Bond          Angle    Proper Dih. Ryckaert-Bell.  Improper Dih.
    8.40459e+03    2.29280e+04    1.29084e+03    9.44700e+03    7.29919e+02
          LJ-14     Coulomb-14        LJ (SR)   Coulomb (SR)   Coul. recip.
    1.39285e+04    7.42173e+04    3.94883e+05   -2.82465e+06    4.03815e+03
      Potential    Kinetic En.   Total Energy  Conserved En.    Temperature
   -2.29478e+06    3.83402e+05   -1.91138e+06   -1.90817e+06    3.01922e+02
 Pressure (bar)   Constr. rmsd
   -7.43633e+01    3.38474e-06

           Step           Time
         160000      320.00000

   Energies (kJ/mol)
           Bond          Angle    Proper Dih. Ryckaert-Bell.  Improper Dih.
    8.25933e+03    2.29769e+04    1.27423e+03    9.36376e+03    7.83207e+02
          LJ-14     Coulomb-14        LJ (SR)   Coulomb (SR)   Coul. recip.
    1.43035e+04    7.44885e+04    3.94085e+05   -2.82243e+06    4.03389e+03
      Potential    Kinetic En.   Total Energy  Conserved En.    Temperature
   -2.29286e+06    3.83092e+05   -1.90977e+06   -1.90810e+06    3.01678e+02
 Pressure (bar)   Constr. rmsd
    5.15559e+01    3.47263e-06

           Step           Time
         165000      330.00000

   Energies (kJ/mol)
           Bond          Angle    Proper Dih. Ryckaert-Bell.  Improper Dih.
    8.13921e+03    2.31435e+04    1.24424e+03    9.18499e+03    7.49641e+02
          LJ-14     Coulomb-14        LJ (SR)   Coulomb (SR)   Coul. recip.
    1.41021e+04    7.42962e+04    3.93144e+05   -2.81959e+06    4.07211e+03
      Potential    Kinetic En.   Total Energy  Conserved En.    Temperature
   -2.29151e+06    3.80582e+05   -1.91093e+06   -1.90803e+06    2.99701e+02
 Pressure (bar)   Constr. rmsd
   -7.17455e+00    3.35391e-06

           Step           Time
         170000      340.00000

   Energies (kJ/mol)
           Bond          Angle    Proper Dih. Ryckaert-Bell.  Improper Dih.
    8.23563e+03    2.29740e+04    1.23735e+03    9.21967e+03    6.97614e+02
          LJ-14     Coulomb-14        LJ (SR)   Coulomb (SR)   Coul. recip.
    1.40756e+04    7.44399e+04    3.92863e+05   -2.82101e+06    4.14156e+03
      Potential    Kinetic En.   Total Energy  Conserved En.    Temperature
   -2.29313e+06    3.80298e+05   -1.91283e+06   -1.90801e+06    2.99478e+02
 Pressure (bar)   Constr. rmsd
   -8.75433e+01    3.53548e-06

Writing checkpoint, step 174400 at Thu Feb  8 23:43:51 2024


           Step           Time
         175000      350.00000

   Energies (kJ/mol)
           Bond          Angle    Proper Dih. Ryckaert-Bell.  Improper Dih.
    8.39202e+03    2.27234e+04    1.20606e+03    8.95398e+03    7.30742e+02
          LJ-14     Coulomb-14        LJ (SR)   Coulomb (SR)   Coul. recip.
    1.41812e+04    7.45453e+04    3.96392e+05   -2.82440e+06    4.10817e+03
      Potential    Kinetic En.   Total Energy  Conserved En.    Temperature
   -2.29316e+06    3.79861e+05   -1.91330e+06   -1.90795e+06    2.99133e+02
 Pressure (bar)   Constr. rmsd
    9.79662e+01    3.44438e-06

           Step           Time
         180000      360.00000

   Energies (kJ/mol)
           Bond          Angle    Proper Dih. Ryckaert-Bell.  Improper Dih.
    8.33328e+03    2.30399e+04    1.25291e+03    9.03715e+03    7.52159e+02
          LJ-14     Coulomb-14        LJ (SR)   Coulomb (SR)   Coul. recip.
    1.41902e+04    7.46695e+04    3.95309e+05   -2.82333e+06    3.98712e+03
      Potential    Kinetic En.   Total Energy  Conserved En.    Temperature
   -2.29276e+06    3.81473e+05   -1.91129e+06   -1.90793e+06    3.00403e+02
 Pressure (bar)   Constr. rmsd
   -2.23178e+01    3.42238e-06

           Step           Time
         185000      370.00000

   Energies (kJ/mol)
           Bond          Angle    Proper Dih. Ryckaert-Bell.  Improper Dih.
    8.32268e+03    2.33221e+04    1.32194e+03    9.55495e+03    7.88768e+02
          LJ-14     Coulomb-14        LJ (SR)   Coulomb (SR)   Coul. recip.
    1.41959e+04    7.46263e+04    3.94214e+05   -2.82028e+06    4.09492e+03
      Potential    Kinetic En.   Total Energy  Conserved En.    Temperature
   -2.28984e+06    3.82662e+05   -1.90717e+06   -1.90785e+06    3.01339e+02
 Pressure (bar)   Constr. rmsd
    1.05366e+02    3.49820e-06

           Step           Time
         190000      380.00000

   Energies (kJ/mol)
           Bond          Angle    Proper Dih. Ryckaert-Bell.  Improper Dih.
    8.39002e+03    2.30502e+04    1.20629e+03    9.25267e+03    7.27773e+02
          LJ-14     Coulomb-14        LJ (SR)   Coulomb (SR)   Coul. recip.
    1.42680e+04    7.44140e+04    3.94618e+05   -2.82113e+06    4.13150e+03
      Potential    Kinetic En.   Total Energy  Conserved En.    Temperature
   -2.29108e+06    3.81555e+05   -1.90952e+06   -1.90781e+06    3.00467e+02
 Pressure (bar)   Constr. rmsd
    7.03708e+01    3.48048e-06

           Step           Time
         195000      390.00000

   Energies (kJ/mol)
           Bond          Angle    Proper Dih. Ryckaert-Bell.  Improper Dih.
    8.36423e+03    2.28769e+04    1.24636e+03    9.42657e+03    7.55674e+02
          LJ-14     Coulomb-14        LJ (SR)   Coulomb (SR)   Coul. recip.
    1.40646e+04    7.42627e+04    3.93124e+05   -2.82103e+06    3.98617e+03
      Potential    Kinetic En.   Total Energy  Conserved En.    Temperature
   -2.29292e+06    3.80717e+05   -1.91220e+06   -1.90783e+06    2.99808e+02
 Pressure (bar)   Constr. rmsd
   -1.19157e+02    3.43190e-06

           Step           Time
         200000      400.00000

   Energies (kJ/mol)
           Bond          Angle    Proper Dih. Ryckaert-Bell.  Improper Dih.
    8.08752e+03    2.29902e+04    1.21283e+03    9.06022e+03    7.47230e+02
          LJ-14     Coulomb-14        LJ (SR)   Coulomb (SR)   Coul. recip.
    1.41353e+04    7.45344e+04    3.94174e+05   -2.82036e+06    4.02430e+03
      Potential    Kinetic En.   Total Energy  Conserved En.    Temperature
   -2.29140e+06    3.82413e+05   -1.90898e+06   -1.90776e+06    3.01143e+02
 Pressure (bar)   Constr. rmsd
    5.24252e+01    3.39840e-06

           Step           Time
         205000      410.00000

   Energies (kJ/mol)
           Bond          Angle    Proper Dih. Ryckaert-Bell.  Improper Dih.
    8.35312e+03    2.29976e+04    1.20343e+03    9.35936e+03    7.32557e+02
          LJ-14     Coulomb-14        LJ (SR)   Coulomb (SR)   Coul. recip.
    1.41552e+04    7.42739e+04    3.95242e+05   -2.82276e+06    3.96690e+03
      Potential    Kinetic En.   Total Energy  Conserved En.    Temperature
   -2.29247e+06    3.81065e+05   -1.91141e+06   -1.90767e+06    3.00081e+02
 Pressure (bar)   Constr. rmsd
    4.00413e+01    3.36818e-06

           Step           Time
         210000      420.00000

   Energies (kJ/mol)
           Bond          Angle    Proper Dih. Ryckaert-Bell.  Improper Dih.
    8.25831e+03    2.32254e+04    1.18393e+03    9.06075e+03    7.39310e+02
          LJ-14     Coulomb-14        LJ (SR)   Coulomb (SR)   Coul. recip.
    1.42069e+04    7.42937e+04    3.96232e+05   -2.82283e+06    4.10551e+03
      Potential    Kinetic En.   Total Energy  Conserved En.    Temperature
   -2.29152e+06    3.80506e+05   -1.91102e+06   -1.90761e+06    2.99641e+02
 Pressure (bar)   Constr. rmsd
    7.76877e+01    3.33225e-06

           Step           Time
         215000      430.00000

   Energies (kJ/mol)
           Bond          Angle    Proper Dih. Ryckaert-Bell.  Improper Dih.
    8.46485e+03    2.31921e+04    1.29708e+03    9.03417e+03    7.03328e+02
          LJ-14     Coulomb-14        LJ (SR)   Coulomb (SR)   Coul. recip.
    1.39455e+04    7.43160e+04    3.98037e+05   -2.82964e+06    4.15735e+03
      Potential    Kinetic En.   Total Energy  Conserved En.    Temperature
   -2.29650e+06    3.81761e+05   -1.91474e+06   -1.90755e+06    3.00629e+02
 Pressure (bar)   Constr. rmsd
    9.35955e+01    3.39174e-06

           Step           Time
         220000      440.00000

   Energies (kJ/mol)
           Bond          Angle    Proper Dih. Ryckaert-Bell.  Improper Dih.
    8.30086e+03    2.24264e+04    1.20283e+03    9.09208e+03    7.08361e+02
          LJ-14     Coulomb-14        LJ (SR)   Coulomb (SR)   Coul. recip.
    1.44349e+04    7.44644e+04    3.95211e+05   -2.82436e+06    3.97307e+03
      Potential    Kinetic En.   Total Energy  Conserved En.    Temperature
   -2.29455e+06    3.79512e+05   -1.91504e+06   -1.90753e+06    2.98859e+02
 Pressure (bar)   Constr. rmsd
    7.15307e+01    3.47228e-06

           Step           Time
         225000      450.00000

   Energies (kJ/mol)
           Bond          Angle    Proper Dih. Ryckaert-Bell.  Improper Dih.
    8.42214e+03    2.25376e+04    1.23645e+03    9.23868e+03    7.44513e+02
          LJ-14     Coulomb-14        LJ (SR)   Coulomb (SR)   Coul. recip.
    1.39823e+04    7.42432e+04    3.96874e+05   -2.82449e+06    4.07234e+03
      Potential    Kinetic En.   Total Energy  Conserved En.    Temperature
   -2.29314e+06    3.80727e+05   -1.91241e+06   -1.90747e+06    2.99815e+02
 Pressure (bar)   Constr. rmsd
    1.42980e+01    3.38492e-06

           Step           Time
         230000      460.00000

   Energies (kJ/mol)
           Bond          Angle    Proper Dih. Ryckaert-Bell.  Improper Dih.
    8.48062e+03    2.27917e+04    1.23615e+03    9.17076e+03    7.17015e+02
          LJ-14     Coulomb-14        LJ (SR)   Coulomb (SR)   Coul. recip.
    1.41599e+04    7.43855e+04    3.94769e+05   -2.82317e+06    4.06762e+03
      Potential    Kinetic En.   Total Energy  Conserved En.    Temperature
   -2.29339e+06    3.81430e+05   -1.91196e+06   -1.90742e+06    3.00369e+02
 Pressure (bar)   Constr. rmsd
    2.20880e+01    3.39363e-06

           Step           Time
         235000      470.00000

   Energies (kJ/mol)
           Bond          Angle    Proper Dih. Ryckaert-Bell.  Improper Dih.
    8.16861e+03    2.26189e+04    1.30495e+03    9.18150e+03    7.50591e+02
          LJ-14     Coulomb-14        LJ (SR)   Coulomb (SR)   Coul. recip.
    1.41804e+04    7.45191e+04    3.91914e+05   -2.81965e+06    4.02270e+03
      Potential    Kinetic En.   Total Energy  Conserved En.    Temperature
   -2.29299e+06    3.80833e+05   -1.91216e+06   -1.90738e+06    2.99899e+02
 Pressure (bar)   Constr. rmsd
   -4.66911e+01    3.44591e-06

           Step           Time
         240000      480.00000

   Energies (kJ/mol)
           Bond          Angle    Proper Dih. Ryckaert-Bell.  Improper Dih.
    8.40582e+03    2.26390e+04    1.25455e+03    8.93359e+03    7.34053e+02
          LJ-14     Coulomb-14        LJ (SR)   Coulomb (SR)   Coul. recip.
    1.42417e+04    7.44157e+04    3.94321e+05   -2.82218e+06    4.01448e+03
      Potential    Kinetic En.   Total Energy  Conserved En.    Temperature
   -2.29322e+06    3.80363e+05   -1.91286e+06   -1.90733e+06    2.99528e+02
 Pressure (bar)   Constr. rmsd
   -6.54352e+01    3.35572e-06

           Step           Time
         245000      490.00000

   Energies (kJ/mol)
           Bond          Angle    Proper Dih. Ryckaert-Bell.  Improper Dih.
    8.54498e+03    2.28004e+04    1.31363e+03    9.26606e+03    7.03919e+02
          LJ-14     Coulomb-14        LJ (SR)   Coulomb (SR)   Coul. recip.
    1.41400e+04    7.42233e+04    3.98914e+05   -2.82675e+06    3.96378e+03
      Potential    Kinetic En.   Total Energy  Conserved En.    Temperature
   -2.29288e+06    3.82440e+05   -1.91044e+06   -1.90720e+06    3.01164e+02
 Pressure (bar)   Constr. rmsd
    1.70695e+02    3.51547e-06

           Step           Time
         250000      500.00000

   Energies (kJ/mol)
           Bond          Angle    Proper Dih. Ryckaert-Bell.  Improper Dih.
    8.27349e+03    2.25668e+04    1.29402e+03    9.05002e+03    7.93603e+02
          LJ-14     Coulomb-14        LJ (SR)   Coulomb (SR)   Coul. recip.
    1.43247e+04    7.42863e+04    3.96663e+05   -2.82583e+06    3.97633e+03
      Potential    Kinetic En.   Total Energy  Conserved En.    Temperature
   -2.29460e+06    3.81407e+05   -1.91320e+06   -1.90721e+06    3.00351e+02
 Pressure (bar)   Constr. rmsd
    5.44997e+01    3.38444e-06

           Step           Time
         255000      510.00000

   Energies (kJ/mol)
           Bond          Angle    Proper Dih. Ryckaert-Bell.  Improper Dih.
    8.45602e+03    2.27190e+04    1.25396e+03    8.89699e+03    6.80987e+02
          LJ-14     Coulomb-14        LJ (SR)   Coulomb (SR)   Coul. recip.
    1.40486e+04    7.42369e+04    3.98886e+05   -2.82736e+06    4.06721e+03
      Potential    Kinetic En.   Total Energy  Conserved En.    Temperature
   -2.29412e+06    3.81332e+05   -1.91278e+06   -1.90714e+06    3.00292e+02
 Pressure (bar)   Constr. rmsd
    1.31874e+02    3.30883e-06

           Step           Time
         260000      520.00000

   Energies (kJ/mol)
           Bond          Angle    Proper Dih. Ryckaert-Bell.  Improper Dih.
    8.34318e+03    2.29138e+04    1.27540e+03    9.05088e+03    7.62537e+02
          LJ-14     Coulomb-14        LJ (SR)   Coulomb (SR)   Coul. recip.
    1.41583e+04    7.43255e+04    3.95636e+05   -2.82286e+06    4.00216e+03
      Potential    Kinetic En.   Total Energy  Conserved En.    Temperature
   -2.29239e+06    3.80568e+05   -1.91182e+06   -1.90706e+06    2.99690e+02
 Pressure (bar)   Constr. rmsd
    2.34898e+01    3.50701e-06

           Step           Time
         265000      530.00000

   Energies (kJ/mol)
           Bond          Angle    Proper Dih. Ryckaert-Bell.  Improper Dih.
    8.27458e+03    2.23685e+04    1.21383e+03    9.19942e+03    7.59652e+02
          LJ-14     Coulomb-14        LJ (SR)   Coulomb (SR)   Coul. recip.
    1.44673e+04    7.43277e+04    3.96334e+05   -2.82451e+06    4.06004e+03
      Potential    Kinetic En.   Total Energy  Conserved En.    Temperature
   -2.29350e+06    3.79947e+05   -1.91355e+06   -1.90699e+06    2.99201e+02
 Pressure (bar)   Constr. rmsd
    1.20336e+02    3.53099e-06

           Step           Time
         270000      540.00000

   Energies (kJ/mol)
           Bond          Angle    Proper Dih. Ryckaert-Bell.  Improper Dih.
    8.40293e+03    2.28538e+04    1.24057e+03    8.99468e+03    6.97892e+02
          LJ-14     Coulomb-14        LJ (SR)   Coulomb (SR)   Coul. recip.
    1.42048e+04    7.43164e+04    3.96060e+05   -2.82590e+06    4.11192e+03
      Potential    Kinetic En.   Total Energy  Conserved En.    Temperature
   -2.29502e+06    3.79417e+05   -1.91560e+06   -1.90696e+06    2.98784e+02
 Pressure (bar)   Constr. rmsd
    5.75023e+01    3.35673e-06

           Step           Time
         275000      550.00000

   Energies (kJ/mol)
           Bond          Angle    Proper Dih. Ryckaert-Bell.  Improper Dih.
    8.27238e+03    2.27863e+04    1.20192e+03    9.02600e+03    7.18492e+02
          LJ-14     Coulomb-14        LJ (SR)   Coulomb (SR)   Coul. recip.
    1.41936e+04    7.42431e+04    3.95013e+05   -2.82271e+06    4.04737e+03
      Potential    Kinetic En.   Total Energy  Conserved En.    Temperature
   -2.29320e+06    3.80446e+05   -1.91276e+06   -1.90691e+06    2.99594e+02
 Pressure (bar)   Constr. rmsd
    1.08746e+01    3.31745e-06

           Step           Time
         280000      560.00000

   Energies (kJ/mol)
           Bond          Angle    Proper Dih. Ryckaert-Bell.  Improper Dih.
    8.23285e+03    2.31201e+04    1.29337e+03    9.00489e+03    6.82396e+02
          LJ-14     Coulomb-14        LJ (SR)   Coulomb (SR)   Coul. recip.
    1.42159e+04    7.42411e+04    3.94345e+05   -2.82214e+06    4.02328e+03
      Potential    Kinetic En.   Total Energy  Conserved En.    Temperature
   -2.29298e+06    3.80606e+05   -1.91237e+06   -1.90683e+06    2.99720e+02
 Pressure (bar)   Constr. rmsd
   -3.65837e+01    3.31509e-06

           Step           Time
         285000      570.00000

   Energies (kJ/mol)
           Bond          Angle    Proper Dih. Ryckaert-Bell.  Improper Dih.
    8.26810e+03    2.28660e+04    1.22691e+03    9.04329e+03    7.24162e+02
          LJ-14     Coulomb-14        LJ (SR)   Coulomb (SR)   Coul. recip.
    1.42736e+04    7.43869e+04    3.95766e+05   -2.82449e+06    3.98050e+03
      Potential    Kinetic En.   Total Energy  Conserved En.    Temperature
   -2.29395e+06    3.80443e+05   -1.91351e+06   -1.90676e+06    2.99591e+02
 Pressure (bar)   Constr. rmsd
    7.72881e+01    3.36964e-06

           Step           Time
         290000      580.00000

   Energies (kJ/mol)
           Bond          Angle    Proper Dih. Ryckaert-Bell.  Improper Dih.
    8.51042e+03    2.26561e+04    1.27440e+03    9.12112e+03    7.11993e+02
          LJ-14     Coulomb-14        LJ (SR)   Coulomb (SR)   Coul. recip.
    1.40916e+04    7.43845e+04    3.95064e+05   -2.82317e+06    4.04028e+03
      Potential    Kinetic En.   Total Energy  Conserved En.    Temperature
   -2.29331e+06    3.82065e+05   -1.91125e+06   -1.90675e+06    3.00869e+02
 Pressure (bar)   Constr. rmsd
    2.55719e+01    3.47470e-06

           Step           Time
         295000      590.00000

   Energies (kJ/mol)
           Bond          Angle    Proper Dih. Ryckaert-Bell.  Improper Dih.
    8.45261e+03    2.27325e+04    1.23743e+03    8.96801e+03    6.71982e+02
          LJ-14     Coulomb-14        LJ (SR)   Coulomb (SR)   Coul. recip.
    1.40673e+04    7.40085e+04    3.92615e+05   -2.81909e+06    4.05499e+03
      Potential    Kinetic En.   Total Energy  Conserved En.    Temperature
   -2.29228e+06    3.79877e+05   -1.91241e+06   -1.90664e+06    2.99146e+02
 Pressure (bar)   Constr. rmsd
   -5.85773e+01    3.40996e-06

           Step           Time
         300000      600.00000

   Energies (kJ/mol)
           Bond          Angle    Proper Dih. Ryckaert-Bell.  Improper Dih.
    8.43457e+03    2.27457e+04    1.23834e+03    9.13498e+03    7.41549e+02
          LJ-14     Coulomb-14        LJ (SR)   Coulomb (SR)   Coul. recip.
    1.42555e+04    7.41708e+04    3.94656e+05   -2.82240e+06    4.05243e+03
      Potential    Kinetic En.   Total Energy  Conserved En.    Temperature
   -2.29297e+06    3.79700e+05   -1.91327e+06   -1.90658e+06    2.99007e+02
 Pressure (bar)   Constr. rmsd
    9.19614e+00    3.35014e-06

           Step           Time
         305000      610.00000

   Energies (kJ/mol)
           Bond          Angle    Proper Dih. Ryckaert-Bell.  Improper Dih.
    8.01407e+03    2.27528e+04    1.30309e+03    9.05054e+03    7.66649e+02
          LJ-14     Coulomb-14        LJ (SR)   Coulomb (SR)   Coul. recip.
    1.42723e+04    7.43841e+04    3.96056e+05   -2.82773e+06    4.04136e+03
      Potential    Kinetic En.   Total Energy  Conserved En.    Temperature
   -2.29709e+06    3.80195e+05   -1.91689e+06   -1.90654e+06    2.99396e+02
 Pressure (bar)   Constr. rmsd
    7.98225e+01    3.42043e-06

           Step           Time
         310000      620.00000

   Energies (kJ/mol)
           Bond          Angle    Proper Dih. Ryckaert-Bell.  Improper Dih.
    8.71088e+03    2.31484e+04    1.23172e+03    8.91843e+03    7.07819e+02
          LJ-14     Coulomb-14        LJ (SR)   Coulomb (SR)   Coul. recip.
    1.42094e+04    7.46188e+04    3.91646e+05   -2.81752e+06    4.11107e+03
      Potential    Kinetic En.   Total Energy  Conserved En.    Temperature
   -2.29022e+06    3.80559e+05   -1.90966e+06   -1.90648e+06    2.99683e+02
 Pressure (bar)   Constr. rmsd
   -1.96018e+02    3.38051e-06

           Step           Time
         315000      630.00000

   Energies (kJ/mol)
           Bond          Angle    Proper Dih. Ryckaert-Bell.  Improper Dih.
    8.58406e+03    2.25596e+04    1.30563e+03    8.91624e+03    7.18317e+02
          LJ-14     Coulomb-14        LJ (SR)   Coulomb (SR)   Coul. recip.
    1.40983e+04    7.44244e+04    3.95291e+05   -2.82326e+06    4.08867e+03
      Potential    Kinetic En.   Total Energy  Conserved En.    Temperature
   -2.29327e+06    3.79514e+05   -1.91375e+06   -1.90645e+06    2.98860e+02
 Pressure (bar)   Constr. rmsd
    2.49650e+00    3.37669e-06

           Step           Time
         320000      640.00000

   Energies (kJ/mol)
           Bond          Angle    Proper Dih. Ryckaert-Bell.  Improper Dih.
    8.26576e+03    2.24840e+04    1.24407e+03    9.17347e+03    7.35568e+02
          LJ-14     Coulomb-14        LJ (SR)   Coulomb (SR)   Coul. recip.
    1.41528e+04    7.43944e+04    3.94818e+05   -2.82372e+06    3.94620e+03
      Potential    Kinetic En.   Total Energy  Conserved En.    Temperature
   -2.29450e+06    3.80967e+05   -1.91353e+06   -1.90647e+06    3.00004e+02
 Pressure (bar)   Constr. rmsd
   -9.92596e+00    3.55581e-06

           Step           Time
         325000      650.00000

   Energies (kJ/mol)
           Bond          Angle    Proper Dih. Ryckaert-Bell.  Improper Dih.
    8.27496e+03    2.29897e+04    1.23485e+03    9.10396e+03    7.63143e+02
          LJ-14     Coulomb-14        LJ (SR)   Coulomb (SR)   Coul. recip.
    1.42293e+04    7.44503e+04    3.95179e+05   -2.82174e+06    4.00827e+03
      Potential    Kinetic En.   Total Energy  Conserved En.    Temperature
   -2.29151e+06    3.79761e+05   -1.91175e+06   -1.90636e+06    2.99055e+02
 Pressure (bar)   Constr. rmsd
   -7.51074e+00    3.44190e-06

           Step           Time
         330000      660.00000

   Energies (kJ/mol)
           Bond          Angle    Proper Dih. Ryckaert-Bell.  Improper Dih.
    8.43992e+03    2.26029e+04    1.22426e+03    8.94425e+03    7.39510e+02
          LJ-14     Coulomb-14        LJ (SR)   Coulomb (SR)   Coul. recip.
    1.43232e+04    7.47234e+04    3.94305e+05   -2.82107e+06    3.98454e+03
      Potential    Kinetic En.   Total Energy  Conserved En.    Temperature
   -2.29179e+06    3.80712e+05   -1.91107e+06   -1.90632e+06    2.99804e+02
 Pressure (bar)   Constr. rmsd
    2.27025e+01    3.44649e-06

           Step           Time
         335000      670.00000

   Energies (kJ/mol)
           Bond          Angle    Proper Dih. Ryckaert-Bell.  Improper Dih.
    8.42116e+03    2.29710e+04    1.19618e+03    9.34662e+03    7.19026e+02
          LJ-14     Coulomb-14        LJ (SR)   Coulomb (SR)   Coul. recip.
    1.40336e+04    7.41951e+04    3.97019e+05   -2.82608e+06    4.07750e+03
      Potential    Kinetic En.   Total Energy  Conserved En.    Temperature
   -2.29411e+06    3.82857e+05   -1.91125e+06   -1.90626e+06    3.01493e+02
 Pressure (bar)   Constr. rmsd
    3.10918e+01    3.52050e-06

           Step           Time
         340000      680.00000

   Energies (kJ/mol)
           Bond          Angle    Proper Dih. Ryckaert-Bell.  Improper Dih.
    8.10947e+03    2.25252e+04    1.16705e+03    9.19665e+03    7.22887e+02
          LJ-14     Coulomb-14        LJ (SR)   Coulomb (SR)   Coul. recip.
    1.43325e+04    7.43206e+04    3.95551e+05   -2.82437e+06    4.02081e+03
      Potential    Kinetic En.   Total Energy  Conserved En.    Temperature
   -2.29443e+06    3.80397e+05   -1.91403e+06   -1.90618e+06    2.99556e+02
 Pressure (bar)   Constr. rmsd
    4.88778e+01    3.40708e-06

           Step           Time
         345000      690.00000

   Energies (kJ/mol)
           Bond          Angle    Proper Dih. Ryckaert-Bell.  Improper Dih.
    8.46364e+03    2.26530e+04    1.19632e+03    9.09148e+03    7.20212e+02
          LJ-14     Coulomb-14        LJ (SR)   Coulomb (SR)   Coul. recip.
    1.44151e+04    7.45522e+04    3.97496e+05   -2.82598e+06    4.06301e+03
      Potential    Kinetic En.   Total Energy  Conserved En.    Temperature
   -2.29333e+06    3.81226e+05   -1.91210e+06   -1.90609e+06    3.00208e+02
 Pressure (bar)   Constr. rmsd
    1.42378e+02    3.41811e-06

           Step           Time
         350000      700.00000

   Energies (kJ/mol)
           Bond          Angle    Proper Dih. Ryckaert-Bell.  Improper Dih.
    8.39323e+03    2.26110e+04    1.26883e+03    9.00052e+03    7.41922e+02
          LJ-14     Coulomb-14        LJ (SR)   Coulomb (SR)   Coul. recip.
    1.39557e+04    7.42064e+04    3.92752e+05   -2.82090e+06    3.93978e+03
      Potential    Kinetic En.   Total Energy  Conserved En.    Temperature
   -2.29403e+06    3.80244e+05   -1.91379e+06   -1.90609e+06    2.99435e+02
 Pressure (bar)   Constr. rmsd
   -1.19197e+02    3.28610e-06

Writing checkpoint, step 352000 at Thu Feb  8 23:58:51 2024


           Step           Time
         355000      710.00000

   Energies (kJ/mol)
           Bond          Angle    Proper Dih. Ryckaert-Bell.  Improper Dih.
    8.19390e+03    2.26713e+04    1.24297e+03    9.20687e+03    7.16229e+02
          LJ-14     Coulomb-14        LJ (SR)   Coulomb (SR)   Coul. recip.
    1.43555e+04    7.44737e+04    3.93333e+05   -2.82056e+06    4.05193e+03
      Potential    Kinetic En.   Total Energy  Conserved En.    Temperature
   -2.29231e+06    3.78251e+05   -1.91406e+06   -1.90603e+06    2.97865e+02
 Pressure (bar)   Constr. rmsd
    6.46335e+00    3.45379e-06

           Step           Time
         360000      720.00000

   Energies (kJ/mol)
           Bond          Angle    Proper Dih. Ryckaert-Bell.  Improper Dih.
    8.47745e+03    2.28000e+04    1.27193e+03    9.07223e+03    7.24822e+02
          LJ-14     Coulomb-14        LJ (SR)   Coulomb (SR)   Coul. recip.
    1.40686e+04    7.44615e+04    3.96486e+05   -2.82738e+06    3.95586e+03
      Potential    Kinetic En.   Total Energy  Conserved En.    Temperature
   -2.29606e+06    3.80605e+05   -1.91546e+06   -1.90595e+06    2.99719e+02
 Pressure (bar)   Constr. rmsd
    6.46954e+00    3.32875e-06

           Step           Time
         365000      730.00000

   Energies (kJ/mol)
           Bond          Angle    Proper Dih. Ryckaert-Bell.  Improper Dih.
    8.18299e+03    2.28868e+04    1.19311e+03    9.03438e+03    7.35588e+02
          LJ-14     Coulomb-14        LJ (SR)   Coulomb (SR)   Coul. recip.
    1.41800e+04    7.42907e+04    3.92959e+05   -2.82118e+06    4.04543e+03
      Potential    Kinetic En.   Total Energy  Conserved En.    Temperature
   -2.29367e+06    3.81397e+05   -1.91227e+06   -1.90593e+06    3.00343e+02
 Pressure (bar)   Constr. rmsd
   -1.31325e+02    3.27793e-06

           Step           Time
         370000      740.00000

   Energies (kJ/mol)
           Bond          Angle    Proper Dih. Ryckaert-Bell.  Improper Dih.
    8.36487e+03    2.29914e+04    1.28341e+03    8.92161e+03    6.82595e+02
          LJ-14     Coulomb-14        LJ (SR)   Coulomb (SR)   Coul. recip.
    1.42081e+04    7.42445e+04    3.95172e+05   -2.82460e+06    4.06320e+03
      Potential    Kinetic En.   Total Energy  Conserved En.    Temperature
   -2.29467e+06    3.83190e+05   -1.91148e+06   -1.90584e+06    3.01755e+02
 Pressure (bar)   Constr. rmsd
    6.13669e+01    3.43885e-06

           Step           Time
         375000      750.00000

   Energies (kJ/mol)
           Bond          Angle    Proper Dih. Ryckaert-Bell.  Improper Dih.
    8.41272e+03    2.26994e+04    1.21823e+03    8.85754e+03    7.16928e+02
          LJ-14     Coulomb-14        LJ (SR)   Coulomb (SR)   Coul. recip.
    1.41953e+04    7.40998e+04    3.96585e+05   -2.82646e+06    4.07492e+03
      Potential    Kinetic En.   Total Energy  Conserved En.    Temperature
   -2.29560e+06    3.80766e+05   -1.91484e+06   -1.90583e+06    2.99846e+02
 Pressure (bar)   Constr. rmsd
    3.27529e+01    3.35926e-06

           Step           Time
         380000      760.00000

   Energies (kJ/mol)
           Bond          Angle    Proper Dih. Ryckaert-Bell.  Improper Dih.
    8.23939e+03    2.28557e+04    1.23443e+03    8.95044e+03    7.31203e+02
          LJ-14     Coulomb-14        LJ (SR)   Coulomb (SR)   Coul. recip.
    1.41832e+04    7.42143e+04    3.95216e+05   -2.82331e+06    4.02553e+03
      Potential    Kinetic En.   Total Energy  Conserved En.    Temperature
   -2.29366e+06    3.79932e+05   -1.91373e+06   -1.90573e+06    2.99189e+02
 Pressure (bar)   Constr. rmsd
    1.24912e+01    3.36719e-06

           Step           Time
         385000      770.00000

   Energies (kJ/mol)
           Bond          Angle    Proper Dih. Ryckaert-Bell.  Improper Dih.
    8.48300e+03    2.26955e+04    1.30871e+03    9.02664e+03    7.06969e+02
          LJ-14     Coulomb-14        LJ (SR)   Coulomb (SR)   Coul. recip.
    1.41101e+04    7.42849e+04    3.97446e+05   -2.82542e+06    4.02528e+03
      Potential    Kinetic En.   Total Energy  Conserved En.    Temperature
   -2.29333e+06    3.80180e+05   -1.91315e+06   -1.90565e+06    2.99384e+02
 Pressure (bar)   Constr. rmsd
    9.17298e+01    3.35225e-06

           Step           Time
         390000      780.00000

   Energies (kJ/mol)
           Bond          Angle    Proper Dih. Ryckaert-Bell.  Improper Dih.
    8.36128e+03    2.30047e+04    1.16750e+03    9.15741e+03    7.23740e+02
          LJ-14     Coulomb-14        LJ (SR)   Coulomb (SR)   Coul. recip.
    1.42616e+04    7.42614e+04    3.94265e+05   -2.82202e+06    4.06234e+03
      Potential    Kinetic En.   Total Energy  Conserved En.    Temperature
   -2.29276e+06    3.81798e+05   -1.91096e+06   -1.90567e+06    3.00658e+02
 Pressure (bar)   Constr. rmsd
    1.50870e+01    3.40943e-06

           Step           Time
         395000      790.00000

   Energies (kJ/mol)
           Bond          Angle    Proper Dih. Ryckaert-Bell.  Improper Dih.
    8.39823e+03    2.26778e+04    1.20834e+03    8.90126e+03    7.39330e+02
          LJ-14     Coulomb-14        LJ (SR)   Coulomb (SR)   Coul. recip.
    1.41371e+04    7.44184e+04    3.93014e+05   -2.82103e+06    4.00819e+03
      Potential    Kinetic En.   Total Energy  Conserved En.    Temperature
   -2.29352e+06    3.81928e+05   -1.91160e+06   -1.90560e+06    3.00761e+02
 Pressure (bar)   Constr. rmsd
   -7.95486e+01    3.45786e-06

           Step           Time
         400000      800.00000

   Energies (kJ/mol)
           Bond          Angle    Proper Dih. Ryckaert-Bell.  Improper Dih.
    8.64008e+03    2.27867e+04    1.18458e+03    9.08868e+03    7.26481e+02
          LJ-14     Coulomb-14        LJ (SR)   Coulomb (SR)   Coul. recip.
    1.41575e+04    7.43668e+04    3.94217e+05   -2.82091e+06    3.94187e+03
      Potential    Kinetic En.   Total Energy  Conserved En.    Temperature
   -2.29180e+06    3.82312e+05   -1.90949e+06   -1.90552e+06    3.01064e+02
 Pressure (bar)   Constr. rmsd
    1.69411e+01    3.40162e-06

           Step           Time
         405000      810.00000

   Energies (kJ/mol)
           Bond          Angle    Proper Dih. Ryckaert-Bell.  Improper Dih.
    8.35096e+03    2.29152e+04    1.25571e+03    9.17943e+03    7.44723e+02
          LJ-14     Coulomb-14        LJ (SR)   Coulomb (SR)   Coul. recip.
    1.42523e+04    7.43861e+04    3.93823e+05   -2.82056e+06    4.06890e+03
      Potential    Kinetic En.   Total Energy  Conserved En.    Temperature
   -2.29159e+06    3.82001e+05   -1.90958e+06   -1.90550e+06    3.00818e+02
 Pressure (bar)   Constr. rmsd
    1.88296e+01    3.37213e-06

           Step           Time
         410000      820.00000

   Energies (kJ/mol)
           Bond          Angle    Proper Dih. Ryckaert-Bell.  Improper Dih.
    8.14780e+03    2.25493e+04    1.28322e+03    9.04065e+03    7.05218e+02
          LJ-14     Coulomb-14        LJ (SR)   Coulomb (SR)   Coul. recip.
    1.42831e+04    7.44429e+04    3.93572e+05   -2.82282e+06    3.94760e+03
      Potential    Kinetic En.   Total Energy  Conserved En.    Temperature
   -2.29485e+06    3.80175e+05   -1.91467e+06   -1.90546e+06    2.99381e+02
 Pressure (bar)   Constr. rmsd
   -8.59829e+01    3.34258e-06

           Step           Time
         415000      830.00000

   Energies (kJ/mol)
           Bond          Angle    Proper Dih. Ryckaert-Bell.  Improper Dih.
    8.31101e+03    2.30012e+04    1.23612e+03    9.14311e+03    7.56865e+02
          LJ-14     Coulomb-14        LJ (SR)   Coulomb (SR)   Coul. recip.
    1.41725e+04    7.41754e+04    3.93989e+05   -2.82107e+06    4.02575e+03
      Potential    Kinetic En.   Total Energy  Conserved En.    Temperature
   -2.29226e+06    3.82057e+05   -1.91020e+06   -1.90538e+06    3.00863e+02
 Pressure (bar)   Constr. rmsd
   -1.63439e-01    3.41212e-06

           Step           Time
         420000      840.00000

   Energies (kJ/mol)
           Bond          Angle    Proper Dih. Ryckaert-Bell.  Improper Dih.
    8.08788e+03    2.28705e+04    1.26145e+03    9.06555e+03    7.75977e+02
          LJ-14     Coulomb-14        LJ (SR)   Coulomb (SR)   Coul. recip.
    1.44281e+04    7.45110e+04    3.93870e+05   -2.82265e+06    3.98707e+03
      Potential    Kinetic En.   Total Energy  Conserved En.    Temperature
   -2.29379e+06    3.79171e+05   -1.91462e+06   -1.90530e+06    2.98590e+02
 Pressure (bar)   Constr. rmsd
    2.61699e+00    3.42018e-06

           Step           Time
         425000      850.00000

   Energies (kJ/mol)
           Bond          Angle    Proper Dih. Ryckaert-Bell.  Improper Dih.
    8.47805e+03    2.28573e+04    1.30068e+03    9.09657e+03    7.24247e+02
          LJ-14     Coulomb-14        LJ (SR)   Coulomb (SR)   Coul. recip.
    1.41977e+04    7.45943e+04    3.94456e+05   -2.82242e+06    3.95312e+03
      Potential    Kinetic En.   Total Energy  Conserved En.    Temperature
   -2.29276e+06    3.81965e+05   -1.91080e+06   -1.90530e+06    3.00790e+02
 Pressure (bar)   Constr. rmsd
   -7.20493e+01    3.37849e-06

           Step           Time
         430000      860.00000

   Energies (kJ/mol)
           Bond          Angle    Proper Dih. Ryckaert-Bell.  Improper Dih.
    8.48316e+03    2.29553e+04    1.28632e+03    9.24063e+03    7.13057e+02
          LJ-14     Coulomb-14        LJ (SR)   Coulomb (SR)   Coul. recip.
    1.40842e+04    7.46677e+04    3.96119e+05   -2.82564e+06    3.97493e+03
      Potential    Kinetic En.   Total Energy  Conserved En.    Temperature
   -2.29412e+06    3.81502e+05   -1.91262e+06   -1.90526e+06    3.00426e+02
 Pressure (bar)   Constr. rmsd
   -1.74153e+01    3.39978e-06

           Step           Time
         435000      870.00000

   Energies (kJ/mol)
           Bond          Angle    Proper Dih. Ryckaert-Bell.  Improper Dih.
    8.31542e+03    2.29335e+04    1.17001e+03    8.81820e+03    7.06197e+02
          LJ-14     Coulomb-14        LJ (SR)   Coulomb (SR)   Coul. recip.
    1.42191e+04    7.42923e+04    3.95984e+05   -2.82443e+06    3.94897e+03
      Potential    Kinetic En.   Total Energy  Conserved En.    Temperature
   -2.29404e+06    3.81121e+05   -1.91292e+06   -1.90518e+06    3.00125e+02
 Pressure (bar)   Constr. rmsd
    3.82070e+01    3.25710e-06

           Step           Time
         440000      880.00000

   Energies (kJ/mol)
           Bond          Angle    Proper Dih. Ryckaert-Bell.  Improper Dih.
    8.22893e+03    2.27916e+04    1.24240e+03    8.87413e+03    7.34337e+02
          LJ-14     Coulomb-14        LJ (SR)   Coulomb (SR)   Coul. recip.
    1.39879e+04    7.44720e+04    3.96198e+05   -2.82470e+06    4.08096e+03
      Potential    Kinetic En.   Total Energy  Conserved En.    Temperature
   -2.29409e+06    3.79111e+05   -1.91497e+06   -1.90508e+06    2.98543e+02
 Pressure (bar)   Constr. rmsd
   -1.15327e+01    3.28347e-06

           Step           Time
         445000      890.00000

   Energies (kJ/mol)
           Bond          Angle    Proper Dih. Ryckaert-Bell.  Improper Dih.
    8.53613e+03    2.34512e+04    1.24792e+03    9.13312e+03    7.01605e+02
          LJ-14     Coulomb-14        LJ (SR)   Coulomb (SR)   Coul. recip.
    1.41635e+04    7.46475e+04    3.95557e+05   -2.82224e+06    3.98165e+03
      Potential    Kinetic En.   Total Energy  Conserved En.    Temperature
   -2.29082e+06    3.83843e+05   -1.90698e+06   -1.90506e+06    3.02269e+02
 Pressure (bar)   Constr. rmsd
    2.00266e+01    3.48665e-06

           Step           Time
         450000      900.00000

   Energies (kJ/mol)
           Bond          Angle    Proper Dih. Ryckaert-Bell.  Improper Dih.
    8.59090e+03    2.28123e+04    1.34306e+03    9.15031e+03    7.28788e+02
          LJ-14     Coulomb-14        LJ (SR)   Coulomb (SR)   Coul. recip.
    1.41973e+04    7.45454e+04    3.96205e+05   -2.82471e+06    4.05194e+03
      Potential    Kinetic En.   Total Energy  Conserved En.    Temperature
   -2.29309e+06    3.81581e+05   -1.91151e+06   -1.90501e+06    3.00488e+02
 Pressure (bar)   Constr. rmsd
    1.64957e+01    3.43017e-06

           Step           Time
         455000      910.00000

   Energies (kJ/mol)
           Bond          Angle    Proper Dih. Ryckaert-Bell.  Improper Dih.
    8.26508e+03    2.30739e+04    1.24530e+03    9.19819e+03    7.16478e+02
          LJ-14     Coulomb-14        LJ (SR)   Coulomb (SR)   Coul. recip.
    1.41658e+04    7.46601e+04    3.93211e+05   -2.82221e+06    3.92702e+03
      Potential    Kinetic En.   Total Energy  Conserved En.    Temperature
   -2.29375e+06    3.81280e+05   -1.91247e+06   -1.90493e+06    3.00251e+02
 Pressure (bar)   Constr. rmsd
   -2.73134e+01    3.37936e-06

           Step           Time
         460000      920.00000

   Energies (kJ/mol)
           Bond          Angle    Proper Dih. Ryckaert-Bell.  Improper Dih.
    8.35920e+03    2.28267e+04    1.22156e+03    8.85561e+03    7.29779e+02
          LJ-14     Coulomb-14        LJ (SR)   Coulomb (SR)   Coul. recip.
    1.41286e+04    7.45979e+04    3.94539e+05   -2.82592e+06    4.06190e+03
      Potential    Kinetic En.   Total Energy  Conserved En.    Temperature
   -2.29660e+06    3.82231e+05   -1.91437e+06   -1.90492e+06    3.01000e+02
 Pressure (bar)   Constr. rmsd
   -9.47082e+01    3.56135e-06

           Step           Time
         465000      930.00000

   Energies (kJ/mol)
           Bond          Angle    Proper Dih. Ryckaert-Bell.  Improper Dih.
    8.54930e+03    2.29209e+04    1.16720e+03    9.25593e+03    7.27053e+02
          LJ-14     Coulomb-14        LJ (SR)   Coulomb (SR)   Coul. recip.
    1.43599e+04    7.46051e+04    3.94680e+05   -2.82248e+06    4.17245e+03
      Potential    Kinetic En.   Total Energy  Conserved En.    Temperature
   -2.29204e+06    3.81460e+05   -1.91058e+06   -1.90479e+06    3.00393e+02
 Pressure (bar)   Constr. rmsd
    6.70427e+01    3.62637e-06

           Step           Time
         470000      940.00000

   Energies (kJ/mol)
           Bond          Angle    Proper Dih. Ryckaert-Bell.  Improper Dih.
    8.52571e+03    2.28058e+04    1.29436e+03    9.25107e+03    7.25018e+02
          LJ-14     Coulomb-14        LJ (SR)   Coulomb (SR)   Coul. recip.
    1.41801e+04    7.43431e+04    3.97469e+05   -2.82523e+06    4.09743e+03
      Potential    Kinetic En.   Total Energy  Conserved En.    Temperature
   -2.29254e+06    3.83170e+05   -1.90937e+06   -1.90477e+06    3.01739e+02
 Pressure (bar)   Constr. rmsd
    1.61303e+02    3.44762e-06

           Step           Time
         475000      950.00000

   Energies (kJ/mol)
           Bond          Angle    Proper Dih. Ryckaert-Bell.  Improper Dih.
    8.25344e+03    2.29614e+04    1.20923e+03    9.30465e+03    6.95729e+02
          LJ-14     Coulomb-14        LJ (SR)   Coulomb (SR)   Coul. recip.
    1.39631e+04    7.45213e+04    3.93806e+05   -2.82103e+06    4.07192e+03
      Potential    Kinetic En.   Total Energy  Conserved En.    Temperature
   -2.29224e+06    3.83101e+05   -1.90914e+06   -1.90474e+06    3.01685e+02
 Pressure (bar)   Constr. rmsd
   -6.39281e+01    3.38022e-06

           Step           Time
         480000      960.00000

   Energies (kJ/mol)
           Bond          Angle    Proper Dih. Ryckaert-Bell.  Improper Dih.
    8.41100e+03    2.30596e+04    1.24713e+03    9.26465e+03    7.47670e+02
          LJ-14     Coulomb-14        LJ (SR)   Coulomb (SR)   Coul. recip.
    1.40146e+04    7.44395e+04    3.93988e+05   -2.82224e+06    4.00398e+03
      Potential    Kinetic En.   Total Energy  Conserved En.    Temperature
   -2.29306e+06    3.81316e+05   -1.91174e+06   -1.90467e+06    3.00279e+02
 Pressure (bar)   Constr. rmsd
   -1.73220e+01    3.55734e-06

           Step           Time
         485000      970.00000

   Energies (kJ/mol)
           Bond          Angle    Proper Dih. Ryckaert-Bell.  Improper Dih.
    8.36846e+03    2.23783e+04    1.30335e+03    9.35181e+03    7.21733e+02
          LJ-14     Coulomb-14        LJ (SR)   Coulomb (SR)   Coul. recip.
    1.41453e+04    7.43568e+04    3.96243e+05   -2.82531e+06    4.10042e+03
      Potential    Kinetic En.   Total Energy  Conserved En.    Temperature
   -2.29434e+06    3.79729e+05   -1.91461e+06   -1.90469e+06    2.99030e+02
 Pressure (bar)   Constr. rmsd
   -4.71302e+00    3.35776e-06

           Step           Time
         490000      980.00000

   Energies (kJ/mol)
           Bond          Angle    Proper Dih. Ryckaert-Bell.  Improper Dih.
    8.59292e+03    2.28414e+04    1.26883e+03    9.06874e+03    7.20343e+02
          LJ-14     Coulomb-14        LJ (SR)   Coulomb (SR)   Coul. recip.
    1.40322e+04    7.44797e+04    3.96729e+05   -2.82639e+06    3.94118e+03
      Potential    Kinetic En.   Total Energy  Conserved En.    Temperature
   -2.29472e+06    3.79989e+05   -1.91473e+06   -1.90456e+06    2.99234e+02
 Pressure (bar)   Constr. rmsd
    1.18558e+01    3.47385e-06

           Step           Time
         495000      990.00000

   Energies (kJ/mol)
           Bond          Angle    Proper Dih. Ryckaert-Bell.  Improper Dih.
    8.38911e+03    2.29239e+04    1.21298e+03    8.87517e+03    7.58093e+02
          LJ-14     Coulomb-14        LJ (SR)   Coulomb (SR)   Coul. recip.
    1.43935e+04    7.49196e+04    3.96336e+05   -2.82839e+06    3.96622e+03
      Potential    Kinetic En.   Total Energy  Conserved En.    Temperature
   -2.29662e+06    3.81115e+05   -1.91550e+06   -1.90455e+06    3.00121e+02
 Pressure (bar)   Constr. rmsd
    1.01232e+02    3.40727e-06

           Step           Time
         500000     1000.00000

Writing checkpoint, step 500000 at Fri Feb  9 00:10:24 2024


   Energies (kJ/mol)
           Bond          Angle    Proper Dih. Ryckaert-Bell.  Improper Dih.
    8.23992e+03    2.31144e+04    1.30776e+03    9.22183e+03    7.18082e+02
          LJ-14     Coulomb-14        LJ (SR)   Coulomb (SR)   Coul. recip.
    1.42966e+04    7.46122e+04    3.98362e+05   -2.82714e+06    3.99213e+03
      Potential    Kinetic En.   Total Energy  Conserved En.    Temperature
   -2.29328e+06    3.83658e+05   -1.90962e+06   -1.90449e+06    3.02123e+02
 Pressure (bar)   Constr. rmsd
    1.70356e+02    3.34653e-06


Energy conservation over simulation part #1 of length 1000 ns, time 0 to 1000 ns
  Conserved energy drift: 2.70e-05 kJ/mol/ps per atom


	<======  ###############  ==>
	<====  A V E R A G E S  ====>
	<==  ###############  ======>

	Statistics over 500001 steps using 5001 frames

   Energies (kJ/mol)
           Bond          Angle    Proper Dih. Ryckaert-Bell.  Improper Dih.
    8.34628e+03    2.28444e+04    1.23948e+03    9.19615e+03    7.25564e+02
          LJ-14     Coulomb-14        LJ (SR)   Coulomb (SR)   Coul. recip.
    1.41429e+04    7.43982e+04    3.94803e+05   -2.82285e+06    4.04715e+03
      Potential    Kinetic En.   Total Energy  Conserved En.    Temperature
   -2.29311e+06    3.80970e+05   -1.91214e+06   -1.90717e+06    3.00006e+02
 Pressure (bar)   Constr. rmsd
    4.28628e-01    0.00000e+00

          Box-X          Box-Y          Box-Z
    1.14320e+01    1.14320e+01    1.14320e+01

   Total Virial (kJ/mol)
    1.26965e+05   -5.32201e+01    2.80884e+01
   -5.31016e+01    1.26856e+05   -8.55362e+00
    2.78934e+01   -8.88214e+00    1.27095e+05

   Pressure (bar)
    1.05159e+00    1.22417e+00   -6.71144e-01
    1.22154e+00    3.49348e+00    3.71814e-01
   -6.66807e-01    3.79118e-01   -3.25918e+00

  T-Protein_CLAT-Water_and_ions
    3.00075e+02    2.99999e+02


       P P   -   P M E   L O A D   B A L A N C I N G

 PP/PME load balancing changed the cut-off and PME settings:
           particle-particle                    PME
            rcoulomb  rlist            grid      spacing   1/beta
   initial  1.200 nm  1.204 nm      72  72  72   0.159 nm  0.384 nm
   final    1.427 nm  1.431 nm      60  60  60   0.190 nm  0.457 nm
 cost-ratio           1.68             0.58
 (note that these numbers concern only part of the total PP and PME load)


	M E G A - F L O P S   A C C O U N T I N G

 NB=Group-cutoff nonbonded kernels    NxN=N-by-N cluster Verlet kernels
 RF=Reaction-Field  VdW=Van der Waals  QSTab=quadratic-spline table
 W3=SPC/TIP3p  W4=TIP4p (single or pairs)
 V&F=Potential and force  V=Potential only  F=Force only

 Computing:                               M-Number         M-Flops  % Flops
-----------------------------------------------------------------------------
 Pair Search distance check          101889.259952      917003.340     0.0
 NxN Ewald Elec. + LJ [F]         141395371.717248 11028838993.945    98.2
 NxN Ewald Elec. + LJ [V&F]         1428522.364160   184279384.977     1.6
 1,4 nonbonded interactions           14589.029178     1313012.626     0.0
 Shift-X                                749.689908        4498.139     0.0
 Bonds                                 2890.005780      170510.341     0.0
 Angles                               10208.520417     1715031.430     0.0
 Propers                               1031.502063      236213.972     0.0
 Impropers                               76.000152       15808.032     0.0
 RB-Dihedrals                         11025.022050     2723180.446     0.0
 Virial                                7497.799953      134960.399     0.0
 Stop-CM                                749.689908        7496.899     0.0
 Calc-Ekin                            14991.099816      404759.695     0.0
 Lincs                                 2740.005480      164400.329     0.0
 Lincs-Mat                            14616.029232       58464.117     0.0
 Constraint-V                         74870.149740      673831.348     0.0
 Constraint-Vir                        7213.144260      173115.462     0.0
 Settle                               23130.046260     8558117.116     0.1
-----------------------------------------------------------------------------
 Total                                             11230388782.614   100.0
-----------------------------------------------------------------------------


     R E A L   C Y C L E   A N D   T I M E   A C C O U N T I N G

On 1 MPI rank, each using 4 OpenMP threads

 Computing:          Num   Num      Call    Wall time         Giga-Cycles
                     Ranks Threads  Count      (s)         total sum    %
-----------------------------------------------------------------------------
 Neighbor search        1    4       5001     146.949       1760.068   5.9
 Launch GPU ops.        1    4     500001      25.811        309.144   1.0
 Force                  1    4     500001     212.461       2544.737   8.5
 Wait PME GPU gather    1    4     500001      18.552        222.201   0.7
 Reduce GPU PME F       1    4     500001     103.478       1239.406   4.1
 Wait GPU NB local                             17.521        209.861   0.7
 NB X/F buffer ops.     1    4     995001     764.034       9151.165  30.6
 Write traj.            1    4        103       0.985         11.794   0.0
 Update                 1    4     500001     215.444       2580.466   8.6
 Constraints            1    4     500001     186.517       2233.991   7.5
 Rest                                         802.156       9607.775  32.2
-----------------------------------------------------------------------------
 Total                                       2493.907      29870.609 100.0
-----------------------------------------------------------------------------

               Core t (s)   Wall t (s)        (%)
       Time:     9975.627     2493.907      400.0
                         41:33
                 (ns/day)    (hour/ns)
Performance:       34.644        0.693
Finished mdrun on rank 0 Fri Feb  9 00:10:25 2024

